0 info it worked if it ends with ok
1 verbose cli [ '/usr/local/bin/node', '/usr/local/bin/npm', 'run', 'e2e' ]
2 info using npm@3.10.10
3 info using node@v6.11.2
4 verbose run-script [ 'pree2e', 'e2e', 'poste2e' ]
5 info lifecycle angular-app-one@0.0.0~pree2e: angular-app-one@0.0.0
6 silly lifecycle angular-app-one@0.0.0~pree2e: no script for pree2e, continuing
7 info lifecycle angular-app-one@0.0.0~e2e: angular-app-one@0.0.0
8 verbose lifecycle angular-app-one@0.0.0~e2e: unsafe-perm in lifecycle true
9 verbose lifecycle angular-app-one@0.0.0~e2e: PATH: /usr/local/lib/node_modules/npm/bin/node-gyp-bin:/Users/Carl/WebstormProjects/angular-app-one/node_modules/.bin:/Library/Java/JavaVirtualMachines/jdk1.8.0_112.jdk/Contents/Home/bin:/usr/local/bin:/usr/bin:/bin:/usr/sbin:/sbin:/Library/Java/JavaVirtualMachines/jdk1.8.0_112.jdk/Contents/Home/bin:/usr/local/mysql/bin:/usr/local/Cellar/aria2/1.31.0/bin::/usr/local/mysql/bin:/usr/local/Cellar/aria2/1.31.0/bin
10 verbose lifecycle angular-app-one@0.0.0~e2e: CWD: /Users/Carl/WebstormProjects/angular-app-one
11 silly lifecycle angular-app-one@0.0.0~e2e: Args: [ '-c', 'ng e2e' ]
12 silly lifecycle angular-app-one@0.0.0~e2e: Returned: code: 1  signal: null
13 info lifecycle angular-app-one@0.0.0~e2e: Failed to exec e2e script
14 verbose stack Error: angular-app-one@0.0.0 e2e: `ng e2e`
14 verbose stack Exit status 1
14 verbose stack     at EventEmitter.<anonymous> (/usr/local/lib/node_modules/npm/lib/utils/lifecycle.js:255:16)
14 verbose stack     at emitTwo (events.js:106:13)
14 verbose stack     at EventEmitter.emit (events.js:191:7)
14 verbose stack     at ChildProcess.<anonymous> (/usr/local/lib/node_modules/npm/lib/utils/spawn.js:40:14)
14 verbose stack     at emitTwo (events.js:106:13)
14 verbose stack     at ChildProcess.emit (events.js:191:7)
14 verbose stack     at maybeClose (internal/child_process.js:891:16)
14 verbose stack     at Process.ChildProcess._handle.onexit (internal/child_process.js:226:5)
15 verbose pkgid angular-app-one@0.0.0
16 verbose cwd /Users/Carl/WebstormProjects/angular-app-one
17 error Darwin 16.6.0
18 error argv "/usr/local/bin/node" "/usr/local/bin/npm" "run" "e2e"
19 error node v6.11.2
20 error npm  v3.10.10
21 error code ELIFECYCLE
22 error angular-app-one@0.0.0 e2e: `ng e2e`
22 error Exit status 1
23 error Failed at the angular-app-one@0.0.0 e2e script 'ng e2e'.
23 error Make sure you have the latest version of node.js and npm installed.
23 error If you do, this is most likely a problem with the angular-app-one package,
23 error not with npm itself.
23 error Tell the author that this fails on your system:
23 error     ng e2e
23 error You can get information on how to open an issue for this project with:
23 error     npm bugs angular-app-one
23 error Or if that isn't available, you can get their info via:
23 error     npm owner ls angular-app-one
23 error There is likely additional logging output above.
24 verbose exit [ 1, true ]
